<?xml version="1.0" encoding="utf-8"?><testsuites name="pytest tests"><testsuite name="pytest" errors="0" failures="0" skipped="58" tests="638" time="31.187" timestamp="2026-07-21T22:33:32.040217-03:00" hostname="all-in-one"><testcase classname="modules.ai_core.tests.test_contract" name="test_required_contract_documents_exist" time="0.001" /><testcase classname="modules.ai_core.tests.test_create_flow" name="test_create_and_approve_flow" time="0.120" /><testcase classname="modules.ai_core.tests.test_health" name="test_health" time="0.005" /><testcase classname="modules.ai_core.tests.test_permissions" name="test_create_auth_boundary" time="0.007" /><testcase classname="modules.api_hub.tests.test_contract" name="test_required_contract_documents_exist" time="0.001" /><testcase classname="modules.api_hub.tests.test_create_flow" name="test_create_and_approve_flow" time="0.012" /><testcase classname="modules.api_hub.tests.test_gateway_security" name="test_api_key_check_accepts_configured_key" time="0.177" /><testcase classname="modules.api_hub.tests.test_gateway_security" name="test_api_key_check_rejects_missing_invalid_and_unscoped_keys" time="0.222" /><testcase classname="modules.api_hub.tests.test_gateway_security" name="test_webhook_signature_verification" time="0.187" /><testcase classname="modules.api_hub.tests.test_gateway_security" name="test_rate_limiter_blocks_after_limit" time="0.188" /><testcase classname="modules.api_hub.tests.test_gateway_security" name="test_health_module_proxy_paths_still_require_jwt" time="0.262" /><testcase classname="modules.api_hub.tests.test_gateway_security" name="test_proxy_maps_jwt_claims_to_actor_headers" time="0.178" /><testcase classname="modules.api_hub.tests.test_health" name="test_health" time="0.005" /><testcase classname="modules.api_hub.tests.test_permissions" name="test_create_auth_boundary" time="0.007" /><testcase classname="modules.bi.tests.test_contract" name="test_required_contract_documents_exist" time="0.001" /><testcase classname="modules.bi.tests.test_create_flow" name="test_create_and_approve_flow" time="0.016" /><testcase classname="modules.bi.tests.test_health" name="test_health" time="0.006" /><testcase classname="modules.bi.tests.test_permissions" name="test_create_auth_boundary" time="0.008" /><testcase classname="modules.bpm.tests.test_contract" name="test_required_contract_documents_exist" time="0.001" /><testcase classname="modules.bpm.tests.test_create_flow" name="test_create_and_approve_flow" time="0.012" /><testcase classname="modules.bpm.tests.test_health" name="test_health" time="0.005" /><testcase classname="modules.bpm.tests.test_permissions" name="test_create_auth_boundary" time="0.005" /><testcase classname="modules.business.tests.test_contract" name="test_required_contract_documents_exist" time="0.001" /><testcase classname="modules.business.tests.test_create_flow" name="test_create_and_approve_flow" time="0.011" /><testcase classname="modules.business.tests.test_health" name="test_health" time="0.006" /><testcase classname="modules.business.tests.test_permissions" name="test_create_auth_boundary" time="0.005" /><testcase classname="modules.crm.tests.test_contract" name="test_required_contract_documents_exist" time="0.001" /><testcase classname="modules.crm.tests.test_create_flow" name="test_create_and_approve_flow" time="0.013" /><testcase classname="modules.crm.tests.test_health" name="test_health" time="0.007" /><testcase classname="modules.crm.tests.test_permissions" name="test_create_auth_boundary" time="0.005" /><testcase classname="modules.delivery.tests.test_contract" name="test_required_contract_documents_exist" time="0.001" /><testcase classname="modules.delivery.tests.test_create_flow" name="test_create_and_approve_flow" time="0.012" /><testcase classname="modules.delivery.tests.test_health" name="test_health" time="0.005" /><testcase classname="modules.delivery.tests.test_permissions" name="test_create_auth_boundary" time="0.005" /><testcase classname="modules.document.tests.test_contract" name="test_required_contract_documents_exist" time="0.001" /><testcase classname="modules.document.tests.test_create_flow" name="test_create_and_approve_flow" time="0.012" /><testcase classname="modules.document.tests.test_health" name="test_health" time="0.006" /><testcase classname="modules.document.tests.test_permissions" name="test_create_auth_boundary" time="0.007" /><testcase classname="modules.erp.tests.test_billing_integration" name="test_create_billing_with_items_and_sandbox" time="0.007" /><testcase classname="modules.erp.tests.test_cancel_billing_integration" name="test_cancel_billing_success" time="0.010" /><testcase classname="modules.erp.tests.test_cancel_billing_integration" name="test_cancel_billing_not_found" time="0.006" /><testcase classname="modules.erp.tests.test_contract" name="test_required_contract_documents_exist" time="0.001" /><testcase classname="modules.erp.tests.test_create_flow" name="test_create_and_approve_flow" time="0.013" /><testcase classname="modules.erp.tests.test_health" name="test_health" time="0.005" /><testcase classname="modules.erp.tests.test_permissions" name="test_create_auth_boundary" time="0.005" /><testcase classname="modules.finance.tests.test_contract" name="test_required_contract_documents_exist" time="0.001" /><testcase classname="modules.finance.tests.test_create_flow" name="test_create_and_approve_flow" time="0.012" /><testcase classname="modules.finance.tests.test_health" name="test_health" time="0.005" /><testcase classname="modules.finance.tests.test_permissions" name="test_create_auth_boundary" time="0.006" /><testcase classname="modules.health.tests.test_contract" name="test_required_contract_documents_exist" time="0.001" /><testcase classname="modules.health.tests.test_create_flow" name="test_create_and_approve_flow" time="0.013" /><testcase classname="modules.health.tests.test_health" name="test_health" time="0.005" /><testcase classname="modules.health.tests.test_permissions" name="test_create_auth_boundary" time="0.006" /><testcase classname="modules.hr.tests.test_contract" name="test_required_contract_documents_exist" time="0.001" /><testcase classname="modules.hr.tests.test_create_flow" name="test_create_and_approve_flow" time="0.013" /><testcase classname="modules.hr.tests.test_health" name="test_health" time="0.005" /><testcase classname="modules.hr.tests.test_permissions" name="test_create_auth_boundary" time="0.005" /><testcase classname="modules.identity.tests.test_contract" name="test_required_contract_documents_exist" time="0.001" /><testcase classname="modules.identity.tests.test_create_flow" name="test_create_and_approve_flow" time="0.013" /><testcase classname="modules.identity.tests.test_e2e_identity" name="test_identity_e2e_flow" time="0.015"><skipped type="pytest.skip" message="Identity E2E indisponivel em http://localhost:8101: All connection attempts failed">/home/eretazan/.codex/worktrees/1781507772-23398/all-in-one/modules/identity/tests/test_e2e_identity.py:19: Identity E2E indisponivel em http://localhost:8101: All connection attempts failed</skipped></testcase><testcase classname="modules.identity.tests.test_health" name="test_health" time="0.005" /><testcase classname="modules.identity.tests.test_permissions" name="test_create_auth_boundary" time="0.005" /><testcase classname="modules.jobs.tests.test_contract" name="test_required_contract_documents_exist" time="0.001" /><testcase classname="modules.jobs.tests.test_create_flow" name="test_create_and_approve_flow" time="0.014" /><testcase classname="modules.jobs.tests.test_health" name="test_health" time="0.006" /><testcase classname="modules.jobs.tests.test_permissions" name="test_create_auth_boundary" time="0.006" /><testcase classname="modules.legal.tests.test_contract" name="test_required_contract_documents_exist" time="0.001" /><testcase classname="modules.legal.tests.test_create_flow" name="test_create_and_approve_flow" time="0.011" /><testcase classname="modules.legal.tests.test_health" name="test_health" time="0.005" /><testcase classname="modules.legal.tests.test_permissions" name="test_create_auth_boundary" time="0.005" /><testcase classname="modules.marketplace.tests.test_contract" name="test_required_contract_documents_exist" time="0.001" /><testcase classname="modules.marketplace.tests.test_create_flow" name="test_create_and_approve_flow" time="0.013" /><testcase classname="modules.marketplace.tests.test_health" name="test_health" time="0.006" /><testcase classname="modules.marketplace.tests.test_permissions" name="test_create_auth_boundary" time="0.006" /><testcase classname="modules.mobility.tests.test_contract" name="test_required_contract_documents_exist" time="0.003" /><testcase classname="modules.mobility.tests.test_create_flow" name="test_create_and_approve_flow" time="0.018" /><testcase classname="modules.mobility.tests.test_health" name="test_health" time="0.007" /><testcase classname="modules.mobility.tests.test_permissions" name="test_create_auth_boundary" time="0.008" /><testcase classname="modules.permissions.tests.test_contract" name="test_required_contract_documents_exist" time="0.001" /><testcase classname="modules.permissions.tests.test_create_flow" name="test_create_and_approve_flow" time="0.011" /><testcase classname="modules.permissions.tests.test_health" name="test_health" time="0.005" /><testcase classname="modules.permissions.tests.test_permissions" name="test_create_auth_boundary" time="0.008" /><testcase classname="modules.property.tests.test_contract" name="test_required_contract_documents_exist" time="0.001" /><testcase classname="modules.property.tests.test_create_flow" name="test_create_and_approve_flow" time="0.013" /><testcase classname="modules.property.tests.test_health" name="test_health" time="0.007" /><testcase classname="modules.property.tests.test_permissions" name="test_create_auth_boundary" time="0.005" /><testcase classname="modules.riders.tests.test_contract" name="test_required_contract_documents_exist" time="0.001" /><testcase classname="modules.riders.tests.test_create_flow" name="test_create_and_approve_flow" time="0.014" /><testcase classname="modules.riders.tests.test_health" name="test_health" time="0.005" /><testcase classname="modules.riders.tests.test_permissions" name="test_create_auth_boundary" time="0.006" /><testcase classname="modules.services.tests.test_contract" name="test_required_contract_documents_exist" time="0.001" /><testcase classname="modules.services.tests.test_create_flow" name="test_create_and_approve_flow" time="0.017" /><testcase classname="modules.services.tests.test_health" name="test_health" time="0.005" /><testcase classname="modules.services.tests.test_permissions" name="test_create_auth_boundary" time="0.006" /><testcase classname="modules.stock.tests.test_contract" name="test_required_contract_documents_exist" time="0.001" /><testcase classname="modules.stock.tests.test_create_flow" name="test_create_and_approve_flow" time="0.014" /><testcase classname="modules.stock.tests.test_health" name="test_health" time="0.006" /><testcase classname="modules.stock.tests.test_permissions" name="test_create_auth_boundary" time="0.006" /><testcase classname="modules.tms.tests.test_contract" name="test_required_contract_documents_exist" time="0.002" /><testcase classname="modules.tms.tests.test_create_flow" name="test_create_and_approve_flow" time="0.011" /><testcase classname="modules.tms.tests.test_health" name="test_health" time="0.005" /><testcase classname="modules.tms.tests.test_permissions" name="test_create_auth_boundary" time="0.005" /><testcase classname="modules.vision.tests.test_contract" name="test_required_contract_documents_exist" time="0.001" /><testcase classname="modules.vision.tests.test_create_flow" name="test_create_and_approve_flow" time="0.013" /><testcase classname="modules.vision.tests.test_health" name="test_health" time="0.005" /><testcase classname="modules.vision.tests.test_permissions" name="test_create_auth_boundary" time="0.006" /><testcase classname="modules.wms.tests.test_contract" name="test_required_contract_documents_exist" time="0.001" /><testcase classname="modules.wms.tests.test_create_flow" name="test_create_and_approve_flow" time="0.013" /><testcase classname="modules.wms.tests.test_health" name="test_health" time="0.006" /><testcase classname="modules.wms.tests.test_permissions" name="test_create_auth_boundary" time="0.007" /><testcase classname="tests.test_ai_core_domain" name="test_ai_core_provider_model_run_cost_and_memory_journey" time="0.044" /><testcase classname="tests.test_ai_core_event_catalog" name="test_ai_core_catalog_declares_runtime_domain_events" time="0.001" /><testcase classname="tests.test_all_in_one_web_contract" name="test_home_and_dashboards_cover_the_authoritative_stitch_manifest" time="0.003" /><testcase classname="tests.test_all_in_one_web_contract" name="test_every_navigation_target_has_a_react_route" time="0.002" /><testcase classname="tests.test_all_in_one_web_contract" name="test_each_module_has_ten_coherent_demo_records_and_media" time="0.002" /><testcase classname="tests.test_all_in_one_web_contract" name="test_mobile_shell_has_an_accessible_drawer_and_responsive_operations" time="0.002" /><testcase classname="tests.test_all_in_one_web_contract" name="test_smartcrud_save_uses_the_shared_backend_contract" time="0.001" /><testcase classname="tests.test_all_modules_integration" name="test_module_sanity_cold_start[identity]" time="0.125" /><testcase classname="tests.test_all_modules_integration" name="test_module_sanity_cold_start[business]" time="0.123" /><testcase classname="tests.test_all_modules_integration" name="test_module_sanity_cold_start[permissions]" time="0.126" /><testcase classname="tests.test_all_modules_integration" name="test_module_sanity_cold_start[finance]" time="0.276" /><testcase classname="tests.test_all_modules_integration" name="test_module_sanity_cold_start[marketplace]" time="0.156" /><testcase classname="tests.test_all_modules_integration" name="test_module_sanity_cold_start[stock]" time="0.127" /><testcase classname="tests.test_all_modules_integration" name="test_module_sanity_cold_start[delivery]" time="0.146" /><testcase classname="tests.test_all_modules_integration" name="test_module_sanity_cold_start[riders]" time="0.124" /><testcase classname="tests.test_all_modules_integration" name="test_module_sanity_cold_start[services]" time="0.149" /><testcase classname="tests.test_all_modules_integration" name="test_module_sanity_cold_start[mobility]" time="0.192" /><testcase classname="tests.test_all_modules_integration" name="test_module_sanity_cold_start[jobs]" time="0.164" /><testcase classname="tests.test_all_modules_integration" name="test_module_sanity_cold_start[erp]" time="0.137" /><testcase classname="tests.test_all_modules_integration" name="test_module_sanity_cold_start[wms]" time="0.119" /><testcase classname="tests.test_all_modules_integration" name="test_module_sanity_cold_start[tms]" time="0.124" /><testcase classname="tests.test_all_modules_integration" name="test_module_sanity_cold_start[crm]" time="0.141" /><testcase classname="tests.test_all_modules_integration" name="test_module_sanity_cold_start[bpm]" time="0.142" /><testcase classname="tests.test_all_modules_integration" name="test_module_sanity_cold_start[document]" time="0.122" /><testcase classname="tests.test_all_modules_integration" name="test_module_sanity_cold_start[hr]" time="0.116" /><testcase classname="tests.test_all_modules_integration" name="test_module_sanity_cold_start[health]" time="0.162" /><testcase classname="tests.test_all_modules_integration" name="test_module_sanity_cold_start[vision]" time="0.124" /><testcase classname="tests.test_all_modules_integration" name="test_module_sanity_cold_start[legal]" time="0.122" /><testcase classname="tests.test_all_modules_integration" name="test_module_sanity_cold_start[property]" time="0.122" /><testcase classname="tests.test_all_modules_integration" name="test_module_sanity_cold_start[bi]" time="0.124" /><testcase classname="tests.test_all_modules_integration" name="test_module_sanity_cold_start[ai_core]" time="0.118" /><testcase classname="tests.test_all_modules_integration" name="test_module_sanity_cold_start[api_hub]" time="0.132" /><testcase classname="tests.test_all_modules_integration" name="test_module_status_unauthorized[identity]" time="0.120" /><testcase classname="tests.test_all_modules_integration" name="test_module_status_unauthorized[business]" time="0.140" /><testcase classname="tests.test_all_modules_integration" name="test_module_status_unauthorized[permissions]" time="0.127" /><testcase classname="tests.test_all_modules_integration" name="test_module_status_unauthorized[finance]" time="0.334" /><testcase classname="tests.test_all_modules_integration" name="test_module_status_unauthorized[marketplace]" time="0.136" /><testcase classname="tests.test_all_modules_integration" name="test_module_status_unauthorized[stock]" time="0.125" /><testcase classname="tests.test_all_modules_integration" name="test_module_status_unauthorized[delivery]" time="0.117" /><testcase classname="tests.test_all_modules_integration" name="test_module_status_unauthorized[riders]" time="0.113" /><testcase classname="tests.test_all_modules_integration" name="test_module_status_unauthorized[services]" time="0.139" /><testcase classname="tests.test_all_modules_integration" name="test_module_status_unauthorized[mobility]" time="0.126" /><testcase classname="tests.test_all_modules_integration" name="test_module_status_unauthorized[jobs]" time="0.199" /><testcase classname="tests.test_all_modules_integration" name="test_module_status_unauthorized[erp]" time="0.116" /><testcase classname="tests.test_all_modules_integration" name="test_module_status_unauthorized[wms]" time="0.111" /><testcase classname="tests.test_all_modules_integration" name="test_module_status_unauthorized[tms]" time="0.127" /><testcase classname="tests.test_all_modules_integration" name="test_module_status_unauthorized[crm]" time="0.111" /><testcase classname="tests.test_all_modules_integration" name="test_module_status_unauthorized[bpm]" time="0.127" /><testcase classname="tests.test_all_modules_integration" name="test_module_status_unauthorized[document]" time="0.118" /><testcase classname="tests.test_all_modules_integration" name="test_module_status_unauthorized[hr]" time="0.131" /><testcase classname="tests.test_all_modules_integration" name="test_module_status_unauthorized[health]" time="0.120" /><testcase classname="tests.test_all_modules_integration" name="test_module_status_unauthorized[vision]" time="0.153" /><testcase classname="tests.test_all_modules_integration" name="test_module_status_unauthorized[legal]" time="0.105" /><testcase classname="tests.test_all_modules_integration" name="test_module_status_unauthorized[property]" time="0.107" /><testcase classname="tests.test_all_modules_integration" name="test_module_status_unauthorized[bi]" time="0.112" /><testcase classname="tests.test_all_modules_integration" name="test_module_status_unauthorized[ai_core]" time="0.113" /><testcase classname="tests.test_all_modules_integration" name="test_module_status_unauthorized[api_hub]" time="0.120" /><testcase classname="tests.test_all_modules_integration" name="test_all_modules_instantiated_together" time="2.939" /><testcase classname="tests.test_api_hub_catalog_gateway" name="test_gateway_aggregates_business_offer_with_consumer_filters" time="0.010" /><testcase classname="tests.test_api_hub_catalog_gateway" name="test_gateway_applies_pagination_after_global_deduplication" time="0.008" /><testcase classname="tests.test_api_hub_catalog_gateway" name="test_gateway_creates_marketplace_order_from_canonical_offer" time="0.010" /><testcase classname="tests.test_api_hub_catalog_gateway" name="test_gateway_rejects_action_different_from_published_offer" time="0.005" /><testcase classname="tests.test_api_hub_catalog_gateway" name="test_gateway_authorizes_pix_sandbox_using_server_side_order_data" time="0.007" /><testcase classname="tests.test_api_hub_catalog_gateway" name="test_gateway_returns_normalized_consumer_history" time="0.013" /><testcase classname="tests.test_api_hub_catalog_gateway" name="test_gateway_returns_partial_history_when_module_fails" time="2.009" /><testcase classname="tests.test_api_hub_catalog_gateway" name="test_gateway_creates_review_only_for_completed_owned_order" time="0.006" /><testcase classname="tests.test_api_hub_catalog_gateway" name="test_gateway_rejects_review_before_order_completion" time="0.006" /><testcase classname="tests.test_api_hub_catalog_gateway" name="test_gateway_creates_support_case_for_owned_paid_order" time="0.006" /><testcase classname="tests.test_api_hub_catalog_gateway" name="test_gateway_returns_commercial_insights" time="0.006" /><testcase classname="tests.test_api_hub_event_catalog" name="test_api_hub_catalog_declares_runtime_domain_events" time="0.002" /><testcase classname="tests.test_apigee_api_hub_plan" name="test_apigee_api_hub_plan_uses_enabled_kms_key_from_inventory" time="0.001" /><testcase classname="tests.test_apigee_api_hub_plan" name="test_apigee_api_hub_commands_include_expected_service_identity_and_roles" time="0.003" /><testcase classname="tests.test_apigee_api_hub_plan" name="test_apigee_api_hub_status_alias_redacts_adc_token" time="0.003" /><testcase classname="tests.test_audit_contract" name="test_unified_audit_contract_covers_context_integrity_and_retention" time="0.001" /><testcase classname="tests.test_audit_contract" name="test_sensitive_read_contract_records_purpose_authorization_and_outputs" time="0.001" /><testcase classname="tests.test_audit_contract" name="test_sqlite_store_persists_a_hash_chained_append_only_contract" time="0.003" /><testcase classname="tests.test_backup_restore_plan" name="test_backup_restore_plan_covers_critical_assets_without_sensitive_payloads" time="0.002" /><testcase classname="tests.test_backup_restore_plan" name="test_backup_restore_plan_has_quarterly_dr_exercise_and_success_criteria" time="0.001" /><testcase classname="tests.test_backup_restore_plan" name="test_backup_restore_plan_references_existing_local_validators" time="0.001" /><testcase classname="tests.test_bi_domain" name="test_bi_dataset_dashboard_export_journey" time="0.170" /><testcase classname="tests.test_bi_event_catalog" name="test_bi_catalog_declares_runtime_domain_events" time="0.001" /><testcase classname="tests.test_bpm_domain" name="test_bpm_sla_timer_escalation_and_completion_journey" time="0.153" /><testcase classname="tests.test_branding_assets" name="test_official_brand_assets_are_versioned_and_declared" time="0.001" /><testcase classname="tests.test_branding_assets" name="test_readme_uses_official_all_in_one_project_image" time="0.002" /><testcase classname="tests.test_branding_assets" name="test_valley_official_logo_is_mandatory_for_valley_apps" time="0.001" /><testcase classname="tests.test_business_event_catalog" name="test_business_catalog_declares_runtime_domain_events" time="0.001" /><testcase classname="tests.test_business_jobs_journey" name="test_business_jobs_candidate_access_journey" time="0.370" /><testcase classname="tests.test_business_module_settings_backend" name="test_recommend_business_modules_for_ecommerce" time="0.001" /><testcase classname="tests.test_business_module_settings_backend" name="test_apply_and_patch_company_modules_endpoint" time="0.011" /><testcase classname="tests.test_business_module_settings_backend" name="test_mandatory_module_cannot_be_hidden" time="0.011" /><testcase classname="tests.test_compliance_matrix" name="test_compliance_matrix_covers_all_catalog_modules" time="0.001" /><testcase classname="tests.test_compliance_matrix" name="test_compliance_matrix_has_required_fields_and_valid_risk" time="0.001" /><testcase classname="tests.test_compliance_matrix" name="test_critical_modules_require_stronger_production_gates" time="0.001" /><testcase classname="tests.test_compose_health_gate" name="test_compose_health_gate_tracks_primary_fastapi_services" time="0.001" /><testcase classname="tests.test_compose_health_gate" name="test_compose_postgres_healthcheck_allows_cold_initdb" time="0.024" /><testcase classname="tests.test_compose_health_gate" name="test_compose_health_workflow_runs_python_gate_instead_of_sleep_only" time="0.001" /><testcase classname="tests.test_compose_health_gate" name="test_compose_health_gate_reports_pending_services" time="0.001" /><testcase classname="tests.test_compose_health_gate" name="test_compose_health_gate_times_out_docker_commands" time="0.001" /><testcase classname="tests.test_compose_health_gate" name="test_compose_health_gate_accepts_env_file_and_project_name" time="0.016" /><testcase classname="tests.test_compose_health_gate" name="test_compose_health_gate_can_fail_fast_on_occupied_ports" time="0.004" /><testcase classname="tests.test_compose_health_gate" name="test_compose_health_gate_compiles" time="0.105" /><testcase classname="tests.test_correlation_id" name="test_mutation_outbox_uses_request_correlation_id" time="0.192" /><testcase classname="tests.test_correlation_id" name="test_mutation_without_header_generates_valid_correlation_id" time="0.254" /><testcase classname="tests.test_correlation_id" name="test_invalid_correlation_id_is_rejected_before_mutation" time="0.143" /><testcase classname="tests.test_crm_domain" name="test_crm_lead_opportunity_activity_and_campaign_journey" time="0.176" /><testcase classname="tests.test_data_agent_kit_runtime" name="test_runtime_status_tolerates_slow_gcloud" time="0.003" /><testcase classname="tests.test_data_agent_kit_runtime" name="test_runtime_status_reports_configured_timeout" time="0.006" /><testcase classname="tests.test_data_subject_rights" name="test_data_subject_rights_match_lgpd_policy_and_catalog_modules" time="0.002" /><testcase classname="tests.test_data_subject_rights" name="test_each_right_has_sla_workflow_and_evidence" time="0.001" /><testcase classname="tests.test_data_subject_rights" name="test_module_coverage_declares_safe_handling_for_critical_data" time="0.001" /><testcase classname="tests.test_data_subject_rights" name="test_sensitive_exports_are_blocked_by_default" time="0.001" /><testcase classname="tests.test_docker_context_hygiene" name="test_dockerignore_keeps_runtime_build_context_small" time="0.001" /><testcase classname="tests.test_docker_context_hygiene" name="test_compose_builds_from_repo_root_where_dockerignore_applies" time="0.001" /><testcase classname="tests.test_docker_dx_policy" name="test_docker_dx_policy_persists_expected_contract" time="0.001" /><testcase classname="tests.test_docker_dx_policy" name="test_docker_dx_defaults_are_secret_safe_and_keep_google_off_locally" time="0.004" /><testcase classname="tests.test_docker_dx_policy" name="test_docker_dx_context_hygiene_matches_dockerignore" time="0.001" /><testcase classname="tests.test_docker_dx_policy" name="test_docker_dx_script_check_is_idempotent" time="0.119" /><testcase classname="tests.test_docker_dx_policy" name="test_docker_dx_capability_probe_does_not_hang" time="0.001" /><testcase classname="tests.test_docker_dx_policy" name="test_docker_dx_capability_probe_tolerates_slow_daemon" time="0.001" /><testcase classname="tests.test_docker_dx_policy" name="test_docker_dx_repairs_user_plugin_links_without_sudo" time="0.012" /><testcase classname="tests.test_document_domain" name="test_document_upload_and_version_use_private_storage_contract" time="0.134" /><testcase classname="tests.test_dynamic_forms_api" name="test_api_exige_ator_e_tenant" time="0.025" /><testcase classname="tests.test_dynamic_forms_api" name="test_api_rejeita_tenant_divergente_do_contexto_empresarial" time="0.013" /><testcase classname="tests.test_dynamic_forms_api" name="test_catalogo_exige_role_e_escopo" time="0.043" /><testcase classname="tests.test_dynamic_forms_api" name="test_bindings_sao_consultados_apenas_por_ids_de_catalogo" time="0.015" /><testcase classname="tests.test_dynamic_forms_api" name="test_criacao_exige_idempotencia_e_encaminha_tenant_autoritativo" time="0.028" /><testcase classname="tests.test_dynamic_forms_api" name="test_blueprint_tem_limites_pydantic_antes_do_store" time="0.016" /><testcase classname="tests.test_dynamic_forms_api" name="test_homologacao_exige_mfa" time="0.017" /><testcase classname="tests.test_dynamic_forms_api" name="test_publicacao_exige_role_escopo_mfa_e_idempotencia" time="0.016" /><testcase classname="tests.test_dynamic_forms_api" name="test_usuario_pode_submeter_somente_com_escopo_e_idempotencia" time="0.016" /><testcase classname="tests.test_dynamic_forms_backend_contract" name="test_openapi_expoe_ciclo_governado_com_modelos_de_request" time="0.059" /><testcase classname="tests.test_dynamic_forms_backend_contract" name="test_store_aplica_tenant_lock_idempotencia_evento_e_persistencia_normalizada" time="0.001" /><testcase classname="tests.test_dynamic_forms_backend_contract" name="test_api_hub_e_compose_publicam_servico_sem_segredo_versionado" time="0.001" /><testcase classname="tests.test_dynamic_forms_domain" name="test_blueprint_valido_produz_checksum_estavel" time="0.005" /><testcase classname="tests.test_dynamic_forms_domain" name="test_blueprint_rejeita_codigo_e_destino_fisico[sql-SELECT * FROM users]" time="0.001" /><testcase classname="tests.test_dynamic_forms_domain" name="test_blueprint_rejeita_codigo_e_destino_fisico[javascript-alert(1)]" time="0.002" /><testcase classname="tests.test_dynamic_forms_domain" name="test_blueprint_rejeita_codigo_e_destino_fisico[physical_table-identity.users]" time="0.001" /><testcase classname="tests.test_dynamic_forms_domain" name="test_blueprint_rejeita_enfraquecimento_de_validacao_obrigatoria" time="0.001" /><testcase classname="tests.test_dynamic_forms_domain" name="test_blueprint_rejeita_binding_de_outro_campo" time="0.001" /><testcase classname="tests.test_dynamic_forms_domain" name="test_blueprint_rejeita_ciclo_de_blocos" time="0.001" /><testcase classname="tests.test_dynamic_forms_domain" name="test_blueprint_rejeita_componente_fora_da_allowlist" time="0.001" /><testcase classname="tests.test_dynamic_forms_domain" name="test_transicoes_impedem_publicacao_sem_aprovacao" time="0.001" /><testcase classname="tests.test_dynamic_forms_domain" name="test_submissao_normaliza_por_catalogo_sem_destino_fisico" time="0.001" /><testcase classname="tests.test_dynamic_forms_domain" name="test_submissao_rejeita_campo_nao_publicado_e_float_financeiro" time="0.002" /><testcase classname="tests.test_dynamic_forms_migration" name="test_dynamic_forms_migration_materializes_every_governed_entity" time="0.001" /><testcase classname="tests.test_dynamic_forms_migration" name="test_dynamic_forms_migration_enforces_tenant_idempotency_and_review" time="0.001" /><testcase classname="tests.test_dynamic_forms_migration" name="test_dynamic_forms_migration_forbids_executable_or_physical_bindings" time="0.001" /><testcase classname="tests.test_dynamic_forms_migration" name="test_dynamic_forms_migration_has_safe_calculation_and_component_allowlists" time="0.001" /><testcase classname="tests.test_dynamic_forms_migration" name="test_dynamic_forms_rollback_is_transactional_and_removes_schema_last" time="0.001" /><testcase classname="tests.test_erp_domain" name="test_erp_payables_receivables_and_reconciliation_journey" time="0.185" /><testcase classname="tests.test_erp_event_catalog" name="test_erp_catalog_declares_runtime_domain_events" time="0.001" /><testcase classname="tests.test_event_contract" name="test_sanitize_event_payload_redacts_nested_credentials" time="0.001" /><testcase classname="tests.test_event_contract" name="test_build_event_envelope_declares_required_contract" time="0.001" /><testcase classname="tests.test_event_contract" name="test_sqlite_outbox_persists_envelope_and_original_idempotency" time="0.003" /><testcase classname="tests.test_event_contract" name="test_every_persisted_domain_event_uses_the_shared_contract" time="0.004" /><testcase classname="tests.test_frontend_journeys_contract" name="test_frontend_journeys_contract_covers_phase_4_apps" time="0.002" /><testcase classname="tests.test_frontend_journeys_contract" name="test_frontend_shell_package_names_match_contract" time="0.008" /><testcase classname="tests.test_frontend_journeys_contract" name="test_phase_4_shells_are_wired_to_declared_api_hub_routes" time="0.001" /><testcase classname="tests.test_frontend_journeys_contract" name="test_phase_4_shells_have_playwright_coverage_declared" time="0.003" /><testcase classname="tests.test_frontend_journeys_contract" name="test_phase_4_live_shells_do_not_keep_obsolete_next_steps" time="0.001" /><testcase classname="tests.test_frontend_journeys_contract" name="test_frontend_contract_links_to_existing_e2e_and_pytest_evidence" time="0.002" /><testcase classname="tests.test_git_sync_gate" name="test_git_sync_workflow_uses_python_gate" time="0.001" /><testcase classname="tests.test_git_sync_gate" name="test_git_sync_python_gate_compiles" time="0.067" /><testcase classname="tests.test_git_sync_gate" name="test_git_sync_python_gate_accepts_an_ahead_explicit_branch_when_allowed" time="0.154" /><testcase classname="tests.test_git_sync_gate" name="test_git_sync_python_gate_uses_upstream_branch_by_default" time="0.155" /><testcase classname="tests.test_google_cloud_control" name="test_google_cloud_profile_is_active_and_non_destructive" time="0.001" /><testcase classname="tests.test_google_cloud_control" name="test_google_cloud_auth_status_reports_adc_without_printing_token" time="0.001" /><testcase classname="tests.test_google_cloud_control" name="test_google_cloud_auth_status_warns_about_unresponsive_windows_gcloud" time="0.001" /><testcase classname="tests.test_hr_domain" name="test_hr_employee_payroll_and_training_journey" time="0.148" /><testcase classname="tests.test_identity_event_catalog" name="test_identity_catalog_declares_runtime_domain_events" time="0.001" /><testcase classname="tests.test_identity_jobs_domain" name="test_identity_public_registration_preserves_duplicate_controls" time="0.213" /><testcase classname="tests.test_identity_jobs_domain" name="test_identity_public_registration_rejects_invalid_document_and_phone" time="0.068" /><testcase classname="tests.test_identity_jobs_domain" name="test_ctps_text_extraction_marks_document_import_without_external_claim" time="0.001" /><testcase classname="tests.test_identity_jobs_domain" name="test_jobs_curriculum_provenance_recruiter_gate_and_ctps_document" time="0.175" /><testcase classname="tests.test_identity_jobs_domain" name="test_jobs_active_business_can_publish_vacancy_for_candidates" time="0.050" /><testcase classname="tests.test_identity_jobs_domain" name="test_jobs_ctps_pdf_is_encrypted_and_downloadable_only_by_owner" time="0.175" /><testcase classname="tests.test_identity_jobs_domain" name="test_jobs_requires_document_secret_in_production" time="0.070" /><testcase classname="tests.test_identity_session_security" name="test_login_creates_hashed_server_session_and_short_lived_access_token" time="0.242" /><testcase classname="tests.test_identity_session_security" name="test_refresh_rotates_token_rejects_replay_and_logout_revokes_session" time="0.210" /><testcase classname="tests.test_identity_session_security" name="test_refresh_revokes_session_when_device_fingerprint_changes" time="0.194" /><testcase classname="tests.test_identity_session_security" name="test_totp_setup_encrypts_secret_verifies_real_code_and_rejects_replay" time="0.209" /><testcase classname="tests.test_identity_session_security" name="test_mfa_rejects_cross_account_enrollment_and_fake_sms_delivery" time="0.202" /><testcase classname="tests.test_incident_response_runbooks" name="test_incident_response_runbooks_cover_critical_classes_without_sensitive_payloads" time="0.001" /><testcase classname="tests.test_incident_response_runbooks" name="test_critical_incidents_require_postmortem_and_recovery_tests_exist" time="0.001" /><testcase classname="tests.test_incident_response_runbooks" name="test_incident_runbooks_reference_existing_operational_sections" time="0.003" /><testcase classname="tests.test_integration_provider_matrix" name="test_integration_provider_matrix_is_complete_and_secret_safe" time="0.002" /><testcase classname="tests.test_integration_provider_matrix" name="test_integration_environment_profiles_gate_promotion" time="0.001" /><testcase classname="tests.test_integration_sandbox_adapters" name="test_all_matrix_sandbox_adapters_are_implemented" time="0.001" /><testcase classname="tests.test_integration_sandbox_adapters" name="test_identity_verification_sandbox_hashes_sensitive_inputs" time="0.001" /><testcase classname="tests.test_integration_sandbox_adapters" name="test_sandbox_results_include_audit_record_without_raw_sensitive_input" time="0.001" /><testcase classname="tests.test_integration_sandbox_adapters" name="test_psp_fiscal_and_supplier_sandboxes_emit_domain_events" time="0.001" /><testcase classname="tests.test_integration_sandbox_adapters" name="test_maps_ctps_health_and_api_hub_sandboxes_are_deterministic" time="0.001" /><testcase classname="tests.test_integration_sandbox_routes" name="test_identity_business_finance_sandbox_routes" time="0.536" /><testcase classname="tests.test_integration_sandbox_routes" name="test_logistics_jobs_health_api_hub_and_supplier_sandbox_routes" time="0.864" /><testcase classname="tests.test_jobs_event_catalog" name="test_jobs_catalog_declares_runtime_domain_events" time="0.001" /><testcase classname="tests.test_jobs_postgres_integration" name="test_jobs_postgres_typed_store_and_private_ctps" time="0.000"><skipped type="pytest.skip" message="DSN PostgreSQL de integracao nao configurado.">/home/eretazan/.codex/worktrees/1781507772-23398/all-in-one/tests/test_jobs_postgres_integration.py:52: DSN PostgreSQL de integracao nao configurado.</skipped></testcase><testcase classname="tests.test_legal_domain" name="test_legal_case_deadline_alert_and_completion_journey" time="0.151" /><testcase classname="tests.test_load_test_plan" name="test_load_test_plan_defines_safe_execution_policy_and_thresholds" time="0.001" /><testcase classname="tests.test_load_test_plan" name="test_load_test_plan_covers_critical_journeys_with_evidence" time="0.002" /><testcase classname="tests.test_load_test_plan" name="test_load_test_plan_blocks_promotion_without_homologation_evidence" time="0.001" /><testcase classname="tests.test_marketplace_support_metrics" name="test_marketplace_opens_support_case_from_paid_order_and_exports_metrics" time="0.181" /><testcase classname="tests.test_master_memo_completion_contract" name="test_todos_relacionamentos_descritos_no_dicionario_e_erd" time="0.026" /><testcase classname="tests.test_master_memo_completion_contract" name="test_mapear_ecossistema_e_fontes_de_verdade" time="0.001" /><testcase classname="tests.test_master_memo_completion_contract" name="test_planejar_ordem_de_leitura_matriz_de_comparacao_prioridades_entregaveis_criterios_de_aceite" time="0.002" /><testcase classname="tests.test_master_memo_completion_contract" name="test_catalogar_impostos_e_logs" time="0.001" /><testcase classname="tests.test_master_memo_completion_contract" name="test_validar_integridade_e_regras" time="0.011" /><testcase classname="tests.test_master_memo_completion_contract" name="test_documentar_csv_json_erd_e_matrizes" time="0.003" /><testcase classname="tests.test_master_memo_completion_contract" name="test_orientar_stitch_coordenada_por_tela_validacoes_acoes" time="0.015" /><testcase classname="tests.test_master_memo_completion_contract" name="test_orientar_stitch_acessibilidade_integracao_e_criterios_de_aceite" time="0.016" /><testcase classname="tests.test_mongodb_contract" name="test_mongodb_contract_declares_expected_collections_and_retention" time="0.003" /><testcase classname="tests.test_mongodb_contract" name="test_mongodb_init_script_matches_collection_contract" time="0.001" /><testcase classname="tests.test_mongodb_contract" name="test_mongodb_init_script_declares_all_contract_indexes" time="0.001" /><testcase classname="tests.test_mongodb_contract" name="test_mongodb_sensitive_fields_are_documented_in_contract" time="0.001" /><testcase classname="tests.test_multi_agent_sync_guard" name="test_lock_blocks_a_second_agent" time="0.006" /><testcase classname="tests.test_multi_agent_sync_guard" name="test_stale_lock_can_be_replaced" time="0.008" /><testcase classname="tests.test_multi_agent_sync_guard" name="test_release_refuses_another_agent" time="0.004" /><testcase classname="tests.test_multi_agent_sync_guard" name="test_same_agent_renews_lock_from_another_process" time="0.005" /><testcase classname="tests.test_multi_agent_sync_guard" name="test_scoped_locks_allow_independent_activities" time="0.011" /><testcase classname="tests.test_operational_journeys" name="test_delivery_quote_assignment_completion_journey" time="0.181" /><testcase classname="tests.test_operational_journeys" name="test_rider_onboarding_document_vehicle_journey" time="0.159" /><testcase classname="tests.test_operational_journeys" name="test_services_provider_contract_completion_journey" time="0.169" /><testcase classname="tests.test_operational_journeys" name="test_mobility_fare_ride_and_ticket_journey" time="0.186" /><testcase classname="tests.test_operational_journeys" name="test_health_patient_appointment_access_journey" time="0.154" /><testcase classname="tests.test_outbox_alerts" name="test_outbox_alerts_cover_backlog_staleness_failures_and_delivery_gap" time="0.001" /><testcase classname="tests.test_outbox_alerts" name="test_outbox_alerts_have_prometheus_expr_sla_and_evidence" time="0.001" /><testcase classname="tests.test_outbox_alerts" name="test_outbox_alert_expressions_reference_exported_metrics" time="0.005" /><testcase classname="tests.test_outbox_alerts" name="test_outbox_alerts_are_materialized_as_prometheus_rule_and_alertmanager_route" time="0.001" /><testcase classname="tests.test_outbox_alerts" name="test_outbox_alerting_manifest_is_included_in_base_kustomization" time="0.001" /><testcase classname="tests.test_outbox_alerts" name="test_outbox_dashboard_covers_all_exported_operational_metrics" time="0.001" /><testcase classname="tests.test_outbox_dispatcher_unit" name="test_versioned_envelope_preserves_contract_and_safe_payload" time="0.001" /><testcase classname="tests.test_outbox_dispatcher_unit" name="test_jobs_document_publication_uses_safe_allowlist" time="0.001" /><testcase classname="tests.test_outbox_dispatcher_unit" name="test_unknown_domain_publishes_no_unreviewed_payload" time="0.001" /><testcase classname="tests.test_outbox_dispatcher_unit" name="test_valley_pepita_publication_notifies_consumer_with_safe_payload" time="0.001" /><testcase classname="tests.test_outbox_dispatcher_unit" name="test_valley_gold_ledger_publication_uses_safe_payload" time="0.001" /><testcase classname="tests.test_outbox_dispatcher_unit" name="test_valley_discount_publication_uses_progressive_discount_allowlist" time="0.001" /><testcase classname="tests.test_outbox_dispatcher_unit" name="test_valley_catalog_publication_uses_safe_payload" time="0.001" /><testcase classname="tests.test_outbox_dispatcher_unit" name="test_business_catalog_offer_publication_uses_safe_payload" time="0.001" /><testcase classname="tests.test_outbox_dispatcher_unit" name="test_retention_decision_publication_uses_safe_payload" time="0.001" /><testcase classname="tests.test_outbox_dispatcher_unit" name="test_core_business_publication_uses_minimal_safe_payload" time="0.001" /><testcase classname="tests.test_outbox_dispatcher_unit" name="test_core_finance_publication_omits_balances_and_user_identifiers" time="0.001" /><testcase classname="tests.test_outbox_dispatcher_unit" name="test_core_api_hub_publication_omits_secret_material" time="0.001" /><testcase classname="tests.test_outbox_dispatcher_unit" name="test_core_logistics_publication_omits_location_payloads" time="0.001" /><testcase classname="tests.test_outbox_dispatcher_unit" name="test_core_operations_publication_uses_safe_payloads" time="0.001" /><testcase classname="tests.test_outbox_dispatcher_unit" name="test_retry_observation_uses_exponential_backoff_with_cap" time="0.001" /><testcase classname="tests.test_outbox_dispatcher_unit" name="test_retry_observation_truncates_error_for_metadata" time="0.001" /><testcase classname="tests.test_outbox_dispatcher_unit" name="test_prometheus_metrics_exposes_outbox_operational_signals" time="0.001" /><testcase classname="tests.test_outbox_rabbitmq_integration" name="test_dispatcher_publishes_minimized_payload_once_and_records_delivery" time="0.000"><skipped type="pytest.skip" message="DSNs PostgreSQL e RabbitMQ de integracao nao configuradas.">/home/eretazan/.codex/worktrees/1781507772-23398/all-in-one/tests/test_outbox_rabbitmq_integration.py:33: DSNs PostgreSQL e RabbitMQ de integracao nao configuradas.</skipped></testcase><testcase classname="tests.test_outbox_rabbitmq_integration" name="test_dispatcher_leaves_failed_event_pending_for_retry" time="0.000"><skipped type="pytest.skip" message="DSNs PostgreSQL e RabbitMQ de integracao nao configuradas.">/home/eretazan/.codex/worktrees/1781507772-23398/all-in-one/tests/test_outbox_rabbitmq_integration.py:87: DSNs PostgreSQL e RabbitMQ de integracao nao configuradas.</skipped></testcase><testcase classname="tests.test_outbox_runbook" name="test_outbox_alerts_point_to_actionable_runbook" time="0.001" /><testcase classname="tests.test_outbox_runbook" name="test_outbox_runbook_preserves_sensitive_payload_boundary" time="0.001" /><testcase classname="tests.test_permissions_enforcement_matrix" name="test_permissions_enforcement_matrix_matches_runtime_constants" time="0.004" /><testcase classname="tests.test_permissions_enforcement_matrix" name="test_permissions_matrix_links_domain_consumers_to_sensitive_runtime" time="0.001" /><testcase classname="tests.test_permissions_enforcement_matrix" name="test_permissions_runtime_denies_common_user_role_management" time="0.123" /><testcase classname="tests.test_permissions_enforcement_matrix" name="test_permissions_runtime_allows_auditor_read_but_denies_write" time="0.022" /><testcase classname="tests.test_permissions_enforcement_matrix" name="test_permissions_approval_limits_require_mfa_for_write" time="0.013" /><testcase classname="tests.test_permissions_enforcement_matrix" name="test_domain_endpoint_denies_third_party_finance_read" time="0.198" /><testcase classname="tests.test_permissions_enforcement_matrix" name="test_domain_endpoint_denies_third_party_non_sensitive_read" time="0.226" /><testcase classname="tests.test_permissions_enforcement_matrix" name="test_domain_endpoint_denies_third_party_identity_read" time="0.029" /><testcase classname="tests.test_permissions_enforcement_matrix" name="test_domain_endpoint_uses_medical_roles_for_health_sensitive_read" time="0.147" /><testcase classname="tests.test_play_integrity_route_enforcement" name="test_login_rejects_before_authentication_when_integrity_fails" time="0.132" /><testcase classname="tests.test_play_integrity_route_enforcement" name="test_login_route_forwards_opaque_token_and_exact_body_to_verifier" time="0.134" /><testcase classname="tests.test_play_integrity_server" name="test_valid_verdict_is_bound_to_raw_request_and_release_certificate" time="0.001" /><testcase classname="tests.test_play_integrity_server" name="test_untrusted_verdicts_are_rejected[payload0-{&quot;tampered&quot;:true}-request_hash]" time="0.001" /><testcase classname="tests.test_play_integrity_server" name="test_untrusted_verdicts_are_rejected[payload1-{&quot;email&quot;:&quot;user@example.test&quot;,&quot;password&quot;:&quot;secret&quot;}-package_name]" time="0.001" /><testcase classname="tests.test_play_integrity_server" name="test_untrusted_verdicts_are_rejected[payload2-{&quot;email&quot;:&quot;user@example.test&quot;,&quot;password&quot;:&quot;secret&quot;}-stale_token]" time="0.002" /><testcase classname="tests.test_play_integrity_server" name="test_untrusted_verdicts_are_rejected[payload3-{&quot;email&quot;:&quot;user@example.test&quot;,&quot;password&quot;:&quot;secret&quot;}-app_recognition]" time="0.001" /><testcase classname="tests.test_play_integrity_server" name="test_untrusted_verdicts_are_rejected[payload4-{&quot;email&quot;:&quot;user@example.test&quot;,&quot;password&quot;:&quot;secret&quot;}-device_integrity]" time="0.002" /><testcase classname="tests.test_play_integrity_server" name="test_untrusted_verdicts_are_rejected[payload5-{&quot;email&quot;:&quot;user@example.test&quot;,&quot;password&quot;:&quot;secret&quot;}-app_access_risk]" time="0.001" /><testcase classname="tests.test_play_integrity_server" name="test_missing_token_is_fail_closed_only_when_enforced" time="0.001" /><testcase classname="tests.test_postgres_contract_static" name="test_postgres_contract_required_tables_exist_in_migrations" time="0.011" /><testcase classname="tests.test_postgres_contract_static" name="test_postgres_contract_required_triggers_exist_in_migrations" time="0.006" /><testcase classname="tests.test_postgres_contract_static" name="test_postgres_contract_required_indexes_exist_in_migrations" time="0.007" /><testcase classname="tests.test_postgres_contract_static" name="test_postgres_priority_store_event_prefix_aliases_are_documented" time="0.001" /><testcase classname="tests.test_postgres_contract_static" name="test_user_reference_columns_are_not_treated_as_business_entities" time="0.001" /><testcase classname="tests.test_postgres_contract_static" name="test_operational_user_references_do_not_become_audit_entity_ids" time="0.001" /><testcase classname="tests.test_postgres_contract_static" name="test_identity_priority_store_phone_does_not_collide_with_dsn_validator" time="0.001" /><testcase classname="tests.test_postgres_migrations_smoke" name="test_postgres_migrations_apply_cleanly_on_fresh_database" time="0.000"><skipped type="pytest.skip" message="Smoke test de PostgreSQL efemero desativado; defina ALL_IN_ONE_ENABLE_POSTGRES_SMOKE=1 para executar.">/home/eretazan/.codex/worktrees/1781507772-23398/all-in-one/tests/test_postgres_migrations_smoke.py:145: Smoke test de PostgreSQL efemero desativado; defina ALL_IN_ONE_ENABLE_POSTGRES_SMOKE=1 para executar.</skipped></testcase><testcase classname="tests.test_postgres_priority_stores_integration" name="test_finance_wallet_create_get_list_and_outbox" time="0.000"><skipped type="pytest.skip" message="DSN PostgreSQL real nao configurada para testes de integracao.">/home/eretazan/.codex/worktrees/1781507772-23398/all-in-one/tests/test_postgres_priority_stores_integration.py:91: DSN PostgreSQL real nao configurada para testes de integracao.</skipped></testcase><testcase classname="tests.test_postgres_priority_stores_integration" name="test_business_company_create_get_list_and_soft_delete" time="0.000"><skipped type="pytest.skip" message="DSN PostgreSQL real nao configurada para testes de integracao.">/home/eretazan/.codex/worktrees/1781507772-23398/all-in-one/tests/test_postgres_priority_stores_integration.py:125: DSN PostgreSQL real nao configurada para testes de integracao.</skipped></testcase><testcase classname="tests.test_postgres_priority_stores_integration" name="test_marketplace_store_create_get_list_and_outbox" time="0.000"><skipped type="pytest.skip" message="DSN PostgreSQL real nao configurada para testes de integracao.">/home/eretazan/.codex/worktrees/1781507772-23398/all-in-one/tests/test_postgres_priority_stores_integration.py:167: DSN PostgreSQL real nao configurada para testes de integracao.</skipped></testcase><testcase classname="tests.test_postgres_priority_stores_integration" name="test_services_provider_create_update_and_soft_delete" time="0.000"><skipped type="pytest.skip" message="DSN PostgreSQL real nao configurada para testes de integracao.">/home/eretazan/.codex/worktrees/1781507772-23398/all-in-one/tests/test_postgres_priority_stores_integration.py:220: DSN PostgreSQL real nao configurada para testes de integracao.</skipped></testcase><testcase classname="tests.test_postgres_priority_stores_integration" name="test_identity_user_create_update_and_soft_delete" time="0.000"><skipped type="pytest.skip" message="DSN PostgreSQL real nao configurada para testes de integracao.">/home/eretazan/.codex/worktrees/1781507772-23398/all-in-one/tests/test_postgres_priority_stores_integration.py:262: DSN PostgreSQL real nao configurada para testes de integracao.</skipped></testcase><testcase classname="tests.test_postgres_priority_stores_integration" name="test_api_hub_client_create_update_and_soft_delete" time="0.000"><skipped type="pytest.skip" message="DSN PostgreSQL real nao configurada para testes de integracao.">/home/eretazan/.codex/worktrees/1781507772-23398/all-in-one/tests/test_postgres_priority_stores_integration.py:314: DSN PostgreSQL real nao configurada para testes de integracao.</skipped></testcase><testcase classname="tests.test_postgres_priority_stores_integration" name="test_delivery_request_create_update_and_soft_delete" time="0.000"><skipped type="pytest.skip" message="DSN PostgreSQL real nao configurada para testes de integracao.">/home/eretazan/.codex/worktrees/1781507772-23398/all-in-one/tests/test_postgres_priority_stores_integration.py:362: DSN PostgreSQL real nao configurada para testes de integracao.</skipped></testcase><testcase classname="tests.test_postgres_priority_stores_integration" name="test_mobility_ride_create_update_and_soft_delete" time="0.000"><skipped type="pytest.skip" message="DSN PostgreSQL real nao configurada para testes de integracao.">/home/eretazan/.codex/worktrees/1781507772-23398/all-in-one/tests/test_postgres_priority_stores_integration.py:413: DSN PostgreSQL real nao configurada para testes de integracao.</skipped></testcase><testcase classname="tests.test_postgres_priority_stores_integration" name="test_stock_supplier_create_update_and_soft_delete" time="0.000"><skipped type="pytest.skip" message="DSN PostgreSQL real nao configurada para testes de integracao.">/home/eretazan/.codex/worktrees/1781507772-23398/all-in-one/tests/test_postgres_priority_stores_integration.py:462: DSN PostgreSQL real nao configurada para testes de integracao.</skipped></testcase><testcase classname="tests.test_postgres_priority_stores_integration" name="test_health_patient_create_update_and_soft_delete" time="0.000"><skipped type="pytest.skip" message="DSN PostgreSQL real nao configurada para testes de integracao.">/home/eretazan/.codex/worktrees/1781507772-23398/all-in-one/tests/test_postgres_priority_stores_integration.py:524: DSN PostgreSQL real nao configurada para testes de integracao.</skipped></testcase><testcase classname="tests.test_postgres_priority_stores_integration" name="test_riders_profile_create_update_and_soft_delete" time="0.000"><skipped type="pytest.skip" message="DSN PostgreSQL real nao configurada para testes de integracao.">/home/eretazan/.codex/worktrees/1781507772-23398/all-in-one/tests/test_postgres_priority_stores_integration.py:566: DSN PostgreSQL real nao configurada para testes de integracao.</skipped></testcase><testcase classname="tests.test_postgres_priority_stores_integration" name="test_vision_device_create_update_and_soft_delete" time="0.000"><skipped type="pytest.skip" message="DSN PostgreSQL real nao configurada para testes de integracao.">/home/eretazan/.codex/worktrees/1781507772-23398/all-in-one/tests/test_postgres_priority_stores_integration.py:625: DSN PostgreSQL real nao configurada para testes de integracao.</skipped></testcase><testcase classname="tests.test_postgres_priority_stores_integration" name="test_legal_case_create_update_and_soft_delete" time="0.000"><skipped type="pytest.skip" message="DSN PostgreSQL real nao configurada para testes de integracao.">/home/eretazan/.codex/worktrees/1781507772-23398/all-in-one/tests/test_postgres_priority_stores_integration.py:668: DSN PostgreSQL real nao configurada para testes de integracao.</skipped></testcase><testcase classname="tests.test_postgres_priority_stores_integration" name="test_property_create_update_and_soft_delete" time="0.000"><skipped type="pytest.skip" message="DSN PostgreSQL real nao configurada para testes de integracao.">/home/eretazan/.codex/worktrees/1781507772-23398/all-in-one/tests/test_postgres_priority_stores_integration.py:711: DSN PostgreSQL real nao configurada para testes de integracao.</skipped></testcase><testcase classname="tests.test_postgres_priority_stores_integration" name="test_wms_warehouse_create_update_and_soft_delete" time="0.000"><skipped type="pytest.skip" message="DSN PostgreSQL real nao configurada para testes de integracao.">/home/eretazan/.codex/worktrees/1781507772-23398/all-in-one/tests/test_postgres_priority_stores_integration.py:760: DSN PostgreSQL real nao configurada para testes de integracao.</skipped></testcase><testcase classname="tests.test_postgres_priority_stores_integration" name="test_tms_carrier_create_update_and_soft_delete" time="0.000"><skipped type="pytest.skip" message="DSN PostgreSQL real nao configurada para testes de integracao.">/home/eretazan/.codex/worktrees/1781507772-23398/all-in-one/tests/test_postgres_priority_stores_integration.py:822: DSN PostgreSQL real nao configurada para testes de integracao.</skipped></testcase><testcase classname="tests.test_postgres_priority_stores_integration" name="test_crm_lead_create_update_and_soft_delete" time="0.000"><skipped type="pytest.skip" message="DSN PostgreSQL real nao configurada para testes de integracao.">/home/eretazan/.codex/worktrees/1781507772-23398/all-in-one/tests/test_postgres_priority_stores_integration.py:864: DSN PostgreSQL real nao configurada para testes de integracao.</skipped></testcase><testcase classname="tests.test_postgres_priority_stores_integration" name="test_bpm_process_create_update_and_soft_delete" time="0.000"><skipped type="pytest.skip" message="DSN PostgreSQL real nao configurada para testes de integracao.">/home/eretazan/.codex/worktrees/1781507772-23398/all-in-one/tests/test_postgres_priority_stores_integration.py:907: DSN PostgreSQL real nao configurada para testes de integracao.</skipped></testcase><testcase classname="tests.test_postgres_priority_stores_integration" name="test_document_folder_create_update_and_soft_delete" time="0.000"><skipped type="pytest.skip" message="DSN PostgreSQL real nao configurada para testes de integracao.">/home/eretazan/.codex/worktrees/1781507772-23398/all-in-one/tests/test_postgres_priority_stores_integration.py:949: DSN PostgreSQL real nao configurada para testes de integracao.</skipped></testcase><testcase classname="tests.test_postgres_priority_stores_integration" name="test_bi_dataset_create_update_and_soft_delete" time="0.000"><skipped type="pytest.skip" message="DSN PostgreSQL real nao configurada para testes de integracao.">/home/eretazan/.codex/worktrees/1781507772-23398/all-in-one/tests/test_postgres_priority_stores_integration.py:991: DSN PostgreSQL real nao configurada para testes de integracao.</skipped></testcase><testcase classname="tests.test_postgres_priority_stores_integration" name="test_ai_core_memory_create_update_and_soft_delete" time="0.000"><skipped type="pytest.skip" message="DSN PostgreSQL real nao configurada para testes de integracao.">/home/eretazan/.codex/worktrees/1781507772-23398/all-in-one/tests/test_postgres_priority_stores_integration.py:1033: DSN PostgreSQL real nao configurada para testes de integracao.</skipped></testcase><testcase classname="tests.test_postgres_priority_stores_integration" name="test_hr_employee_create_update_and_soft_delete" time="0.000"><skipped type="pytest.skip" message="DSN PostgreSQL real nao configurada para testes de integracao.">/home/eretazan/.codex/worktrees/1781507772-23398/all-in-one/tests/test_postgres_priority_stores_integration.py:1075: DSN PostgreSQL real nao configurada para testes de integracao.</skipped></testcase><testcase classname="tests.test_postgres_priority_stores_integration" name="test_permissions_role_create_update_and_soft_delete" time="0.000"><skipped type="pytest.skip" message="DSN PostgreSQL real nao configurada para testes de integracao.">/home/eretazan/.codex/worktrees/1781507772-23398/all-in-one/tests/test_postgres_priority_stores_integration.py:1145: DSN PostgreSQL real nao configurada para testes de integracao.</skipped></testcase><testcase classname="tests.test_postgres_priority_stores_integration" name="test_jobs_resume_create_update_and_soft_delete" time="0.000"><skipped type="pytest.skip" message="DSN PostgreSQL real nao configurada para testes de integracao.">/home/eretazan/.codex/worktrees/1781507772-23398/all-in-one/tests/test_postgres_priority_stores_integration.py:1207: DSN PostgreSQL real nao configurada para testes de integracao.</skipped></testcase><testcase classname="tests.test_postgres_priority_stores_integration" name="test_erp_billing_create_detail_and_cancel" time="0.000"><skipped type="pytest.skip" message="DSN PostgreSQL real nao configurada para testes de integracao.">/home/eretazan/.codex/worktrees/1781507772-23398/all-in-one/tests/test_postgres_priority_stores_integration.py:1261: DSN PostgreSQL real nao configurada para testes de integracao.</skipped></testcase><testcase classname="tests.test_postgres_stores_matrix" name="test_postgres_store_declares_structural_contract[ai_core]" time="0.001" /><testcase classname="tests.test_postgres_stores_matrix" name="test_postgres_store_declares_structural_contract[api_hub]" time="0.001" /><testcase classname="tests.test_postgres_stores_matrix" name="test_postgres_store_declares_structural_contract[bi]" time="0.001" /><testcase classname="tests.test_postgres_stores_matrix" name="test_postgres_store_declares_structural_contract[bpm]" time="0.001" /><testcase classname="tests.test_postgres_stores_matrix" name="test_postgres_store_declares_structural_contract[business]" time="0.001" /><testcase classname="tests.test_postgres_stores_matrix" name="test_postgres_store_declares_structural_contract[crm]" time="0.001" /><testcase classname="tests.test_postgres_stores_matrix" name="test_postgres_store_declares_structural_contract[delivery]" time="0.001" /><testcase classname="tests.test_postgres_stores_matrix" name="test_postgres_store_declares_structural_contract[document]" time="0.001" /><testcase classname="tests.test_postgres_stores_matrix" name="test_postgres_store_declares_structural_contract[erp]" time="0.001" /><testcase classname="tests.test_postgres_stores_matrix" name="test_postgres_store_declares_structural_contract[finance]" time="0.001" /><testcase classname="tests.test_postgres_stores_matrix" name="test_postgres_store_declares_structural_contract[health]" time="0.001" /><testcase classname="tests.test_postgres_stores_matrix" name="test_postgres_store_declares_structural_contract[hr]" time="0.001" /><testcase classname="tests.test_postgres_stores_matrix" name="test_postgres_store_declares_structural_contract[identity]" time="0.001" /><testcase classname="tests.test_postgres_stores_matrix" name="test_postgres_store_declares_structural_contract[jobs]" time="0.001" /><testcase classname="tests.test_postgres_stores_matrix" name="test_postgres_store_declares_structural_contract[legal]" time="0.001" /><testcase classname="tests.test_postgres_stores_matrix" name="test_postgres_store_declares_structural_contract[marketplace]" time="0.001" /><testcase classname="tests.test_postgres_stores_matrix" name="test_postgres_store_declares_structural_contract[mobility]" time="0.002" /><testcase classname="tests.test_postgres_stores_matrix" name="test_postgres_store_declares_structural_contract[permissions]" time="0.001" /><testcase classname="tests.test_postgres_stores_matrix" name="test_postgres_store_declares_structural_contract[property]" time="0.001" /><testcase classname="tests.test_postgres_stores_matrix" name="test_postgres_store_declares_structural_contract[riders]" time="0.001" /><testcase classname="tests.test_postgres_stores_matrix" name="test_postgres_store_declares_structural_contract[services]" time="0.001" /><testcase classname="tests.test_postgres_stores_matrix" name="test_postgres_store_declares_structural_contract[stock]" time="0.001" /><testcase classname="tests.test_postgres_stores_matrix" name="test_postgres_store_declares_structural_contract[tms]" time="0.001" /><testcase classname="tests.test_postgres_stores_matrix" name="test_postgres_store_declares_structural_contract[vision]" time="0.001" /><testcase classname="tests.test_postgres_stores_matrix" name="test_postgres_store_declares_structural_contract[wms]" time="0.001" /><testcase classname="tests.test_postgres_stores_matrix" name="test_postgres_store_matrix_covers_all_workspace_store_modules" time="0.001" /><testcase classname="tests.test_postgres_stores_matrix" name="test_postgres_store_matrix_marks_priority_modules_for_runtime_validation" time="0.001" /><testcase classname="tests.test_postgres_stores_matrix" name="test_postgres_store_matrix_tables_exist_in_live_database" time="0.004"><skipped type="pytest.skip" message="Banco de dados nao disponivel para matriz PostgreSQL viva: connection failed: connection to server at &quot;127.0.0.1&quot;, port 5432 failed: Connection refused&#10;&#09;Is the server running on that host and accepting TCP/IP connections?">/home/eretazan/.codex/worktrees/1781507772-23398/all-in-one/tests/test_postgres_stores_matrix.py:149: Banco de dados nao disponivel para matriz PostgreSQL viva: connection failed: connection to server at "127.0.0.1", port 5432 failed: Connection refused
	Is the server running on that host and accepting TCP/IP connections?</skipped></testcase><testcase classname="tests.test_postgres_stores_matrix" name="test_postgres_store_matrix_initialization[api_hub]" time="0.000"><skipped type="pytest.skip" message="CRUD amplo da matriz PostgreSQL exige ALL_IN_ONE_ENABLE_POSTGRES_MATRIX_CRUD=1.">/home/eretazan/.codex/worktrees/1781507772-23398/all-in-one/tests/test_postgres_stores_matrix.py:193: CRUD amplo da matriz PostgreSQL exige ALL_IN_ONE_ENABLE_POSTGRES_MATRIX_CRUD=1.</skipped></testcase><testcase classname="tests.test_postgres_stores_matrix" name="test_postgres_store_matrix_initialization[business]" time="0.000"><skipped type="pytest.skip" message="CRUD amplo da matriz PostgreSQL exige ALL_IN_ONE_ENABLE_POSTGRES_MATRIX_CRUD=1.">/home/eretazan/.codex/worktrees/1781507772-23398/all-in-one/tests/test_postgres_stores_matrix.py:193: CRUD amplo da matriz PostgreSQL exige ALL_IN_ONE_ENABLE_POSTGRES_MATRIX_CRUD=1.</skipped></testcase><testcase classname="tests.test_postgres_stores_matrix" name="test_postgres_store_matrix_initialization[delivery]" time="0.000"><skipped type="pytest.skip" message="CRUD amplo da matriz PostgreSQL exige ALL_IN_ONE_ENABLE_POSTGRES_MATRIX_CRUD=1.">/home/eretazan/.codex/worktrees/1781507772-23398/all-in-one/tests/test_postgres_stores_matrix.py:193: CRUD amplo da matriz PostgreSQL exige ALL_IN_ONE_ENABLE_POSTGRES_MATRIX_CRUD=1.</skipped></testcase><testcase classname="tests.test_postgres_stores_matrix" name="test_postgres_store_matrix_initialization[finance]" time="0.000"><skipped type="pytest.skip" message="CRUD amplo da matriz PostgreSQL exige ALL_IN_ONE_ENABLE_POSTGRES_MATRIX_CRUD=1.">/home/eretazan/.codex/worktrees/1781507772-23398/all-in-one/tests/test_postgres_stores_matrix.py:193: CRUD amplo da matriz PostgreSQL exige ALL_IN_ONE_ENABLE_POSTGRES_MATRIX_CRUD=1.</skipped></testcase><testcase classname="tests.test_postgres_stores_matrix" name="test_postgres_store_matrix_initialization[identity]" time="0.000"><skipped type="pytest.skip" message="CRUD amplo da matriz PostgreSQL exige ALL_IN_ONE_ENABLE_POSTGRES_MATRIX_CRUD=1.">/home/eretazan/.codex/worktrees/1781507772-23398/all-in-one/tests/test_postgres_stores_matrix.py:193: CRUD amplo da matriz PostgreSQL exige ALL_IN_ONE_ENABLE_POSTGRES_MATRIX_CRUD=1.</skipped></testcase><testcase classname="tests.test_postgres_stores_matrix" name="test_postgres_store_matrix_initialization[jobs]" time="0.000"><skipped type="pytest.skip" message="CRUD amplo da matriz PostgreSQL exige ALL_IN_ONE_ENABLE_POSTGRES_MATRIX_CRUD=1.">/home/eretazan/.codex/worktrees/1781507772-23398/all-in-one/tests/test_postgres_stores_matrix.py:193: CRUD amplo da matriz PostgreSQL exige ALL_IN_ONE_ENABLE_POSTGRES_MATRIX_CRUD=1.</skipped></testcase><testcase classname="tests.test_postgres_stores_matrix" name="test_postgres_store_matrix_initialization[marketplace]" time="0.000"><skipped type="pytest.skip" message="CRUD amplo da matriz PostgreSQL exige ALL_IN_ONE_ENABLE_POSTGRES_MATRIX_CRUD=1.">/home/eretazan/.codex/worktrees/1781507772-23398/all-in-one/tests/test_postgres_stores_matrix.py:193: CRUD amplo da matriz PostgreSQL exige ALL_IN_ONE_ENABLE_POSTGRES_MATRIX_CRUD=1.</skipped></testcase><testcase classname="tests.test_postgres_stores_matrix" name="test_postgres_store_matrix_initialization[mobility]" time="0.000"><skipped type="pytest.skip" message="CRUD amplo da matriz PostgreSQL exige ALL_IN_ONE_ENABLE_POSTGRES_MATRIX_CRUD=1.">/home/eretazan/.codex/worktrees/1781507772-23398/all-in-one/tests/test_postgres_stores_matrix.py:193: CRUD amplo da matriz PostgreSQL exige ALL_IN_ONE_ENABLE_POSTGRES_MATRIX_CRUD=1.</skipped></testcase><testcase classname="tests.test_postgres_stores_matrix" name="test_postgres_store_matrix_initialization[services]" time="0.000"><skipped type="pytest.skip" message="CRUD amplo da matriz PostgreSQL exige ALL_IN_ONE_ENABLE_POSTGRES_MATRIX_CRUD=1.">/home/eretazan/.codex/worktrees/1781507772-23398/all-in-one/tests/test_postgres_stores_matrix.py:193: CRUD amplo da matriz PostgreSQL exige ALL_IN_ONE_ENABLE_POSTGRES_MATRIX_CRUD=1.</skipped></testcase><testcase classname="tests.test_postgres_stores_matrix" name="test_store_idempotency_behavior[api_hub]" time="0.000"><skipped type="pytest.skip" message="CRUD amplo da matriz PostgreSQL exige ALL_IN_ONE_ENABLE_POSTGRES_MATRIX_CRUD=1.">/home/eretazan/.codex/worktrees/1781507772-23398/all-in-one/tests/test_postgres_stores_matrix.py:244: CRUD amplo da matriz PostgreSQL exige ALL_IN_ONE_ENABLE_POSTGRES_MATRIX_CRUD=1.</skipped></testcase><testcase classname="tests.test_postgres_stores_matrix" name="test_store_idempotency_behavior[business]" time="0.000"><skipped type="pytest.skip" message="CRUD amplo da matriz PostgreSQL exige ALL_IN_ONE_ENABLE_POSTGRES_MATRIX_CRUD=1.">/home/eretazan/.codex/worktrees/1781507772-23398/all-in-one/tests/test_postgres_stores_matrix.py:244: CRUD amplo da matriz PostgreSQL exige ALL_IN_ONE_ENABLE_POSTGRES_MATRIX_CRUD=1.</skipped></testcase><testcase classname="tests.test_postgres_stores_matrix" name="test_store_idempotency_behavior[delivery]" time="0.000"><skipped type="pytest.skip" message="CRUD amplo da matriz PostgreSQL exige ALL_IN_ONE_ENABLE_POSTGRES_MATRIX_CRUD=1.">/home/eretazan/.codex/worktrees/1781507772-23398/all-in-one/tests/test_postgres_stores_matrix.py:244: CRUD amplo da matriz PostgreSQL exige ALL_IN_ONE_ENABLE_POSTGRES_MATRIX_CRUD=1.</skipped></testcase><testcase classname="tests.test_postgres_stores_matrix" name="test_store_idempotency_behavior[finance]" time="0.000"><skipped type="pytest.skip" message="CRUD amplo da matriz PostgreSQL exige ALL_IN_ONE_ENABLE_POSTGRES_MATRIX_CRUD=1.">/home/eretazan/.codex/worktrees/1781507772-23398/all-in-one/tests/test_postgres_stores_matrix.py:244: CRUD amplo da matriz PostgreSQL exige ALL_IN_ONE_ENABLE_POSTGRES_MATRIX_CRUD=1.</skipped></testcase><testcase classname="tests.test_postgres_stores_matrix" name="test_store_idempotency_behavior[identity]" time="0.000"><skipped type="pytest.skip" message="CRUD amplo da matriz PostgreSQL exige ALL_IN_ONE_ENABLE_POSTGRES_MATRIX_CRUD=1.">/home/eretazan/.codex/worktrees/1781507772-23398/all-in-one/tests/test_postgres_stores_matrix.py:244: CRUD amplo da matriz PostgreSQL exige ALL_IN_ONE_ENABLE_POSTGRES_MATRIX_CRUD=1.</skipped></testcase><testcase classname="tests.test_postgres_stores_matrix" name="test_store_idempotency_behavior[jobs]" time="0.000"><skipped type="pytest.skip" message="CRUD amplo da matriz PostgreSQL exige ALL_IN_ONE_ENABLE_POSTGRES_MATRIX_CRUD=1.">/home/eretazan/.codex/worktrees/1781507772-23398/all-in-one/tests/test_postgres_stores_matrix.py:244: CRUD amplo da matriz PostgreSQL exige ALL_IN_ONE_ENABLE_POSTGRES_MATRIX_CRUD=1.</skipped></testcase><testcase classname="tests.test_postgres_stores_matrix" name="test_store_idempotency_behavior[marketplace]" time="0.000"><skipped type="pytest.skip" message="CRUD amplo da matriz PostgreSQL exige ALL_IN_ONE_ENABLE_POSTGRES_MATRIX_CRUD=1.">/home/eretazan/.codex/worktrees/1781507772-23398/all-in-one/tests/test_postgres_stores_matrix.py:244: CRUD amplo da matriz PostgreSQL exige ALL_IN_ONE_ENABLE_POSTGRES_MATRIX_CRUD=1.</skipped></testcase><testcase classname="tests.test_postgres_stores_matrix" name="test_store_idempotency_behavior[mobility]" time="0.000"><skipped type="pytest.skip" message="CRUD amplo da matriz PostgreSQL exige ALL_IN_ONE_ENABLE_POSTGRES_MATRIX_CRUD=1.">/home/eretazan/.codex/worktrees/1781507772-23398/all-in-one/tests/test_postgres_stores_matrix.py:244: CRUD amplo da matriz PostgreSQL exige ALL_IN_ONE_ENABLE_POSTGRES_MATRIX_CRUD=1.</skipped></testcase><testcase classname="tests.test_postgres_stores_matrix" name="test_store_idempotency_behavior[services]" time="0.000"><skipped type="pytest.skip" message="CRUD amplo da matriz PostgreSQL exige ALL_IN_ONE_ENABLE_POSTGRES_MATRIX_CRUD=1.">/home/eretazan/.codex/worktrees/1781507772-23398/all-in-one/tests/test_postgres_stores_matrix.py:244: CRUD amplo da matriz PostgreSQL exige ALL_IN_ONE_ENABLE_POSTGRES_MATRIX_CRUD=1.</skipped></testcase><testcase classname="tests.test_postgres_stores_matrix" name="test_audit_outbox_integration[api_hub]" time="0.000"><skipped type="pytest.skip" message="CRUD amplo da matriz PostgreSQL exige ALL_IN_ONE_ENABLE_POSTGRES_MATRIX_CRUD=1.">/home/eretazan/.codex/worktrees/1781507772-23398/all-in-one/tests/test_postgres_stores_matrix.py:290: CRUD amplo da matriz PostgreSQL exige ALL_IN_ONE_ENABLE_POSTGRES_MATRIX_CRUD=1.</skipped></testcase><testcase classname="tests.test_postgres_stores_matrix" name="test_audit_outbox_integration[business]" time="0.000"><skipped type="pytest.skip" message="CRUD amplo da matriz PostgreSQL exige ALL_IN_ONE_ENABLE_POSTGRES_MATRIX_CRUD=1.">/home/eretazan/.codex/worktrees/1781507772-23398/all-in-one/tests/test_postgres_stores_matrix.py:290: CRUD amplo da matriz PostgreSQL exige ALL_IN_ONE_ENABLE_POSTGRES_MATRIX_CRUD=1.</skipped></testcase><testcase classname="tests.test_postgres_stores_matrix" name="test_audit_outbox_integration[delivery]" time="0.000"><skipped type="pytest.skip" message="CRUD amplo da matriz PostgreSQL exige ALL_IN_ONE_ENABLE_POSTGRES_MATRIX_CRUD=1.">/home/eretazan/.codex/worktrees/1781507772-23398/all-in-one/tests/test_postgres_stores_matrix.py:290: CRUD amplo da matriz PostgreSQL exige ALL_IN_ONE_ENABLE_POSTGRES_MATRIX_CRUD=1.</skipped></testcase><testcase classname="tests.test_postgres_stores_matrix" name="test_audit_outbox_integration[finance]" time="0.000"><skipped type="pytest.skip" message="CRUD amplo da matriz PostgreSQL exige ALL_IN_ONE_ENABLE_POSTGRES_MATRIX_CRUD=1.">/home/eretazan/.codex/worktrees/1781507772-23398/all-in-one/tests/test_postgres_stores_matrix.py:290: CRUD amplo da matriz PostgreSQL exige ALL_IN_ONE_ENABLE_POSTGRES_MATRIX_CRUD=1.</skipped></testcase><testcase classname="tests.test_postgres_stores_matrix" name="test_audit_outbox_integration[identity]" time="0.000"><skipped type="pytest.skip" message="CRUD amplo da matriz PostgreSQL exige ALL_IN_ONE_ENABLE_POSTGRES_MATRIX_CRUD=1.">/home/eretazan/.codex/worktrees/1781507772-23398/all-in-one/tests/test_postgres_stores_matrix.py:290: CRUD amplo da matriz PostgreSQL exige ALL_IN_ONE_ENABLE_POSTGRES_MATRIX_CRUD=1.</skipped></testcase><testcase classname="tests.test_postgres_stores_matrix" name="test_audit_outbox_integration[jobs]" time="0.000"><skipped type="pytest.skip" message="CRUD amplo da matriz PostgreSQL exige ALL_IN_ONE_ENABLE_POSTGRES_MATRIX_CRUD=1.">/home/eretazan/.codex/worktrees/1781507772-23398/all-in-one/tests/test_postgres_stores_matrix.py:290: CRUD amplo da matriz PostgreSQL exige ALL_IN_ONE_ENABLE_POSTGRES_MATRIX_CRUD=1.</skipped></testcase><testcase classname="tests.test_postgres_stores_matrix" name="test_audit_outbox_integration[marketplace]" time="0.000"><skipped type="pytest.skip" message="CRUD amplo da matriz PostgreSQL exige ALL_IN_ONE_ENABLE_POSTGRES_MATRIX_CRUD=1.">/home/eretazan/.codex/worktrees/1781507772-23398/all-in-one/tests/test_postgres_stores_matrix.py:290: CRUD amplo da matriz PostgreSQL exige ALL_IN_ONE_ENABLE_POSTGRES_MATRIX_CRUD=1.</skipped></testcase><testcase classname="tests.test_postgres_stores_matrix" name="test_audit_outbox_integration[mobility]" time="0.000"><skipped type="pytest.skip" message="CRUD amplo da matriz PostgreSQL exige ALL_IN_ONE_ENABLE_POSTGRES_MATRIX_CRUD=1.">/home/eretazan/.codex/worktrees/1781507772-23398/all-in-one/tests/test_postgres_stores_matrix.py:290: CRUD amplo da matriz PostgreSQL exige ALL_IN_ONE_ENABLE_POSTGRES_MATRIX_CRUD=1.</skipped></testcase><testcase classname="tests.test_postgres_stores_matrix" name="test_audit_outbox_integration[services]" time="0.000"><skipped type="pytest.skip" message="CRUD amplo da matriz PostgreSQL exige ALL_IN_ONE_ENABLE_POSTGRES_MATRIX_CRUD=1.">/home/eretazan/.codex/worktrees/1781507772-23398/all-in-one/tests/test_postgres_stores_matrix.py:290: CRUD amplo da matriz PostgreSQL exige ALL_IN_ONE_ENABLE_POSTGRES_MATRIX_CRUD=1.</skipped></testcase><testcase classname="tests.test_property_domain" name="test_property_lease_and_maintenance_journey" time="0.186" /><testcase classname="tests.test_retention_alerts" name="test_retention_alerts_cover_failure_delay_backlog_and_missing_decisions" time="0.001" /><testcase classname="tests.test_retention_alerts" name="test_retention_alerts_have_prometheus_expr_sla_and_evidence" time="0.001" /><testcase classname="tests.test_retention_alerts" name="test_retention_alert_expressions_reference_expected_signals" time="0.001" /><testcase classname="tests.test_retention_alerts" name="test_retention_alerts_are_materialized_as_prometheus_rule_and_alertmanager_route" time="0.001" /><testcase classname="tests.test_retention_jobs" name="test_retention_jobs_cover_all_modules_and_subject_rights" time="0.003" /><testcase classname="tests.test_retention_jobs" name="test_each_job_declares_evidence_and_schedule" time="0.001" /><testcase classname="tests.test_retention_jobs" name="test_module_rules_have_action_legal_hold_and_known_job" time="0.001" /><testcase classname="tests.test_retention_jobs" name="test_destructive_actions_are_blocked_without_legal_review" time="0.001" /><testcase classname="tests.test_retention_scheduling" name="test_docker_compose_schedules_retention_worker_in_safe_dry_run_mode" time="0.001" /><testcase classname="tests.test_retention_scheduling" name="test_kubernetes_declares_retention_cronjob_with_secret_dsn" time="0.002" /><testcase classname="tests.test_retention_worker" name="test_anonymization_worker_redacts_sensitive_fields_and_keeps_business_context" time="0.001" /><testcase classname="tests.test_retention_worker" name="test_deletion_worker_emits_tombstone_and_receipt_hash" time="0.002" /><testcase classname="tests.test_retention_worker" name="test_dry_run_keeps_payload_and_marks_decision_without_applying" time="0.001" /><testcase classname="tests.test_retention_worker" name="test_legal_hold_blocks_destructive_or_anonymizing_actions" time="0.003" /><testcase classname="tests.test_retention_worker" name="test_forbidden_action_requires_legal_review_even_without_current_hold" time="0.002" /><testcase classname="tests.test_retention_worker" name="test_process_candidates_reuses_single_policy_timestamp_for_batch" ti
[...]
e="0.001" /><testcase classname="tests.test_runtime_postgres_store_resolution" name="test_store_for_resolves_typed_postgres_store_for_all_known_modules[delivery]" time="0.002" /><testcase classname="tests.test_runtime_postgres_store_resolution" name="test_store_for_resolves_typed_postgres_store_for_all_known_modules[document]" time="0.001" /><testcase classname="tests.test_runtime_postgres_store_resolution" name="test_store_for_resolves_typed_postgres_store_for_all_known_modules[erp]" time="0.001" /><testcase classname="tests.test_runtime_postgres_store_resolution" name="test_store_for_resolves_typed_postgres_store_for_all_known_modules[finance]" time="0.001" /><testcase classname="tests.test_runtime_postgres_store_resolution" name="test_store_for_resolves_typed_postgres_store_for_all_known_modules[health]" time="0.001" /><testcase classname="tests.test_runtime_postgres_store_resolution" name="test_store_for_resolves_typed_postgres_store_for_all_known_modules[hr]" time="0.001" /><testcase classname="tests.test_runtime_postgres_store_resolution" name="test_store_for_resolves_typed_postgres_store_for_all_known_modules[identity]" time="0.001" /><testcase classname="tests.test_runtime_postgres_store_resolution" name="test_store_for_resolves_typed_postgres_store_for_all_known_modules[jobs]" time="0.001" /><testcase classname="tests.test_runtime_postgres_store_resolution" name="test_store_for_resolves_typed_postgres_store_for_all_known_modules[legal]" time="0.001" /><testcase classname="tests.test_runtime_postgres_store_resolution" name="test_store_for_resolves_typed_postgres_store_for_all_known_modules[marketplace]" time="0.001" /><testcase classname="tests.test_runtime_postgres_store_resolution" name="test_store_for_resolves_typed_postgres_store_for_all_known_modules[mobility]" time="0.001" /><testcase classname="tests.test_runtime_postgres_store_resolution" name="test_store_for_resolves_typed_postgres_store_for_all_known_modules[permissions]" time="0.002" /><testcase classname="tests.test_runtime_postgres_store_resolution" name="test_store_for_resolves_typed_postgres_store_for_all_known_modules[property]" time="0.001" /><testcase classname="tests.test_runtime_postgres_store_resolution" name="test_store_for_resolves_typed_postgres_store_for_all_known_modules[riders]" time="0.001" /><testcase classname="tests.test_runtime_postgres_store_resolution" name="test_store_for_resolves_typed_postgres_store_for_all_known_modules[services]" time="0.001" /><testcase classname="tests.test_runtime_postgres_store_resolution" name="test_store_for_resolves_typed_postgres_store_for_all_known_modules[stock]" time="0.004" /><testcase classname="tests.test_runtime_postgres_store_resolution" name="test_store_for_resolves_typed_postgres_store_for_all_known_modules[tms]" time="0.001" /><testcase classname="tests.test_runtime_postgres_store_resolution" name="test_store_for_resolves_typed_postgres_store_for_all_known_modules[vision]" time="0.001" /><testcase classname="tests.test_runtime_postgres_store_resolution" name="test_store_for_resolves_typed_postgres_store_for_all_known_modules[wms]" time="0.001" /><testcase classname="tests.test_runtime_postgres_store_resolution" name="test_store_for_rejects_fallback_to_generic_postgres_for_known_module" time="0.006" /><testcase classname="tests.test_runtime_postgres_store_resolution" name="test_store_for_keeps_generic_fallback_outside_typed_matrix" time="0.002" /><testcase classname="tests.test_runtime_postgres_store_resolution" name="test_get_erp_store_uses_memory_store_without_dsn" time="0.001" /><testcase classname="tests.test_runtime_postgres_store_resolution" name="test_riders_postgres_store_uses_delivery_schema_tables" time="0.001" /><testcase classname="tests.test_runtime_postgres_store_resolution" name="test_get_config_skips_gcloud_fallback_when_google_mode_is_disabled" time="0.001" /><testcase classname="tests.test_scaffold_custom_artifacts" name="test_scaffold_preserves_live_app_shell_artifacts" time="0.001" /><testcase classname="tests.test_secure_logging" name="test_structured_log_always_contains_correlation_and_core_fields" time="0.002" /><testcase classname="tests.test_secure_logging" name="test_structured_log_redacts_pii_and_secret_keys" time="0.001" /><testcase classname="tests.test_security_workflow_contract" name="test_security_workflow_keeps_python_and_javascript_scans_blocking" time="0.001" /><testcase classname="tests.test_sensitive_permissions_review" name="test_sensitive_permissions_review_covers_critical_modules_and_evidence" time="0.001" /><testcase classname="tests.test_sensitive_permissions_review" name="test_sensitive_permissions_review_matches_runtime_role_sets" time="0.011" /><testcase classname="tests.test_sensitive_permissions_review" name="test_sensitive_permissions_review_points_to_sensitive_runtime_resources" time="0.001" /><testcase classname="tests.test_services_calendar" name="test_get_time_slots" time="0.015" /><testcase classname="tests.test_services_calendar" name="test_reserve_slot_success" time="0.036" /><testcase classname="tests.test_services_calendar" name="test_reserve_slot_conflict" time="0.019" /><testcase classname="tests.test_slo_catalog" name="test_slo_catalog_defines_critical_services_without_sensitive_payloads" time="0.001" /><testcase classname="tests.test_slo_catalog" name="test_slo_catalog_reuses_materialized_outbox_and_retention_alerts" time="0.001" /><testcase classname="tests.test_stitch_orchestrator" name="test_manifest_creates_one_project_per_microservice_and_jobs_surfaces" time="0.001" /><testcase classname="tests.test_stitch_orchestrator" name="test_prompts_never_embed_credentials_or_private_document_content" time="0.002" /><testcase classname="tests.test_stitch_orchestrator" name="test_prompts_apply_all_in_one_and_valley_official_branding" time="0.001" /><testcase classname="tests.test_stitch_orchestrator" name="test_non_valley_prompt_keeps_platform_brand_without_valley_logo" time="0.001" /><testcase classname="tests.test_stitch_orchestrator" name="test_versioned_manifest_matches_catalog_generation" time="0.001" /><testcase classname="tests.test_stitch_orchestrator" name="test_sync_summary_reports_remote_gaps_without_credentials" time="0.001" /><testcase classname="tests.test_stitch_orchestrator" name="test_sync_summary_reports_branding_pending_for_legacy_screens" time="0.001" /><testcase classname="tests.test_stitch_orchestrator" name="test_stitch_auto_sync_dry_run_is_safe_and_does_not_require_remote_secret" time="0.185" /><testcase classname="tests.test_stitch_orchestrator" name="test_stitch_remote_sync_workflow_is_active_and_secret_driven" time="0.004" /><testcase classname="tests.test_telegram_ready_delivery" name="test_policy_covers_web_and_app_without_credentials" time="0.005" /><testcase classname="tests.test_telegram_ready_delivery" name="test_delivery_requires_verified_gate" time="0.002" /><testcase classname="tests.test_telegram_ready_delivery" name="test_web_delivery_requires_https" time="0.013" /><testcase classname="tests.test_telegram_ready_delivery" name="test_app_delivery_requires_existing_apk" time="0.004" /><testcase classname="tests.test_telegram_ready_delivery" name="test_web_identity_rejects_wrong_site" time="0.001" /><testcase classname="tests.test_tms_domain" name="test_tms_freight_pod_and_audit_journey" time="0.418" /><testcase classname="tests.test_tms_event_catalog" name="test_tms_catalog_declares_runtime_domain_events" time="0.001" /><testcase classname="tests.test_typed_store_persistence_contract" name="test_every_declared_typed_store_target_exists_in_the_physical_catalog" time="0.078" /><testcase classname="tests.test_typed_store_persistence_contract" name="test_migration_026_is_reversible_for_every_created_relation" time="0.001" /><testcase classname="tests.test_typed_store_persistence_contract" name="test_migration_027_is_reversible_for_legacy_adapter_relations" time="0.001" /><testcase classname="tests.test_typed_store_persistence_contract" name="test_every_logical_entity_has_an_executable_physical_storage_decision" time="0.001" /><testcase classname="tests.test_unified_audit_migration" name="test_audit_migration_materializes_context_read_integrity_and_retention" time="0.001" /><testcase classname="tests.test_unified_audit_migration" name="test_audit_migration_preserves_the_existing_append_only_trigger" time="0.001" /><testcase classname="tests.test_unified_audit_migration" name="test_audit_rollback_is_transactional_and_removes_only_added_contract" time="0.001" /><testcase classname="tests.test_units_tax_governance" name="test_units_tax_migration_implements_every_proposed_entity_and_rollback" time="0.001" /><testcase classname="tests.test_units_tax_governance" name="test_units_tax_physical_catalog_covers_every_proposed_field" time="0.022" /><testcase classname="tests.test_units_tax_governance" name="test_decimal_conversion_preserves_precision_and_rounding" time="0.001" /><testcase classname="tests.test_units_tax_governance" name="test_cross_dimension_conversion_requires_positive_density" time="0.001" /><testcase classname="tests.test_units_tax_governance" name="test_conversion_rejects_float_unapproved_and_expired_rules" time="0.001" /><testcase classname="tests.test_units_tax_governance" name="test_tax_calculation_uses_reduction_rate_and_declared_rounding" time="0.001" /><testcase classname="tests.test_units_tax_governance" name="test_tax_calculation_rejects_missing_governance" time="0.001" /><testcase classname="tests.test_units_tax_governance" name="test_unit_conversion_http_contract_is_backend_authoritative" time="0.006" /><testcase classname="tests.test_units_tax_governance" name="test_tax_calculation_http_contract_rejects_unapproved_rule" time="0.010" /><testcase classname="tests.test_user_marketplace_journey" name="test_user_identity_wallet_marketplace_order_journey" time="0.506" /><testcase classname="tests.test_validate_data_audit_delivery" name="test_contract_lists_every_mandatory_markdown_document" time="0.001" /><testcase classname="tests.test_validate_data_audit_delivery" name="test_contract_lists_every_complementary_format" time="0.001" /><testcase classname="tests.test_validate_data_audit_delivery" name="test_generated_non_postgres_catalogs_have_field_evidence" time="0.004" /><testcase classname="tests.test_validate_data_audit_delivery" name="test_ephemeral_and_object_storage_catalogs_are_explicitly_static" time="0.001" /><testcase classname="tests.test_validate_data_audit_delivery" name="test_stitch_coordinate_requires_exactly_three_resumable_product_projects" time="0.002" /><testcase classname="tests.test_validate_data_audit_delivery" name="test_contract_requires_all_completion_dimensions" time="0.001" /><testcase classname="tests.test_validate_data_audit_delivery" name="test_generated_coverage_does_not_claim_false_completion" time="0.001" /><testcase classname="tests.test_validate_data_audit_delivery" name="test_generated_summary_is_rendered_markdown" time="0.001" /><testcase classname="tests.test_validate_data_audit_delivery" name="test_logical_catalog_exposes_cross_layer_gaps" time="0.001" /><testcase classname="tests.test_validate_data_audit_delivery" name="test_event_catalog_preserves_backend_transition_contract" time="0.004" /><testcase classname="tests.test_validate_data_audit_delivery" name="test_api_catalog_exposes_models_and_untyped_payloads" time="0.001" /><testcase classname="tests.test_validate_data_audit_delivery" name="test_dynamic_form_model_exposes_partial_implementation_without_false_completion" time="0.001" /><testcase classname="tests.test_validate_data_audit_delivery" name="test_every_smartcrud_surface_has_a_stitch_coordinate_and_route" time="0.013" /><testcase classname="tests.test_validate_data_audit_delivery" name="test_ui_action_matrix_proves_the_generic_save_contract_alignment" time="0.010" /><testcase classname="tests.test_validate_data_audit_delivery" name="test_permission_matrix_proves_horizontal_read_authorization_enforcement" time="0.006" /><testcase classname="tests.test_validate_data_audit_delivery" name="test_requirement_test_matrix_does_not_promote_candidates_to_proof" time="0.005" /><testcase classname="tests.test_validate_data_audit_delivery" name="test_units_and_tax_model_covers_precision_and_fiscal_governance" time="0.001" /><testcase classname="tests.test_validate_data_audit_delivery" name="test_every_physical_field_has_classification_basis_and_retention" time="0.018" /><testcase classname="tests.test_validate_data_audit_delivery" name="test_every_logical_entity_has_a_frontend_surface_with_canonical_resource_name" time="0.001" /><testcase classname="tests.test_validate_data_audit_delivery" name="test_audit_coverage_reports_every_structural_requirement" time="0.001" /><testcase classname="tests.test_validate_data_audit_delivery" name="test_every_gap_has_the_mandatory_execution_coordinate" time="0.001" /><testcase classname="tests.test_validate_data_audit_delivery" name="test_coverage_links_only_dimension_specific_gaps_and_evidence" time="0.001" /><testcase classname="tests.test_validate_openrouter.TestOpenRouterValidation" name="test_update_provider_matrix_persistence" time="0.008" /><testcase classname="tests.test_validate_stitch_mcp_config" name="test_accepts_expected_env_header_config" time="0.033" /><testcase classname="tests.test_validate_stitch_mcp_config" name="test_rejects_missing_stitch_server" time="0.032" /><testcase classname="tests.test_validate_stitch_mcp_config" name="test_rejects_wrong_endpoint" time="0.032" /><testcase classname="tests.test_validate_stitch_mcp_config" name="test_rejects_literal_api_key_header" time="0.024" /><testcase classname="tests.test_validate_stitch_mcp_config" name="test_requires_secret_when_active_policy_requests_remote_validation" time="0.033" /><testcase classname="tests.test_valley_android_signing" name="test_strong_password_has_expected_length_and_classes" time="0.001" /><testcase classname="tests.test_valley_android_signing" name="test_write_private_creates_owner_only_file" time="0.006" /><testcase classname="tests.test_valley_android_signing" name="test_valley_android_release_contract_is_hardened" time="0.012" /><testcase classname="tests.test_valley_android_signing" name="test_release_validator_detects_no_plaintext_session_storage" time="0.011" /><testcase classname="tests.test_valley_apk_audit" name="test_apk_audit_rejects_internal_material" time="0.001" /><testcase classname="tests.test_valley_apk_audit" name="test_apk_audit_accepts_public_assets" time="0.001" /><testcase classname="tests.test_valley_apk_audit" name="test_apk_audit_rejects_local_and_administrative_endpoints" time="0.001" /><testcase classname="tests.test_valley_apk_audit" name="test_apk_audit_reads_compiled_permissions_and_rejects_ad_id" time="0.001" /><testcase classname="tests.test_valley_apk_audit" name="test_apk_audit_accepts_minimal_compiled_permissions" time="0.001" /><testcase classname="tests.test_valley_catalog" name="test_valley_catalog_lists_all_modules_with_simple_categories" time="0.140" /><testcase classname="tests.test_valley_catalog" name="test_valley_catalog_search_filters_food_product_service_and_radius" time="0.183" /><testcase classname="tests.test_valley_catalog" name="test_valley_catalog_groups_repair_health_and_food_in_plain_language" time="0.134" /><testcase classname="tests.test_valley_catalog" name="test_valley_catalog_hides_business_offers_without_publication_authorization" time="0.140" /><testcase classname="tests.test_valley_catalog" name="test_valley_catalog_exposes_business_activity_reference" time="0.132" /><testcase classname="tests.test_valley_catalog" name="test_business_catalog_offer_publishes_product_to_valley_with_simple_filters" time="0.224" /><testcase classname="tests.test_valley_catalog" name="test_business_catalog_offer_publishes_service_to_valley_by_activity_and_radius" time="0.185" /><testcase classname="tests.test_valley_ecosystem" name="test_valley_business_essential_plan_and_local_inventory_acl" time="0.335" /><testcase classname="tests.test_valley_ecosystem" name="test_stock_global_import_is_master_only_and_discounts_hide_unavailable_tiers" time="0.318" /><testcase classname="tests.test_valley_ecosystem" name="test_stock_supplier_order_lifecycle_records_tracking_events" time="0.158" /><testcase classname="tests.test_valley_ecosystem" name="test_merchant_manual_pepita_grant_emits_valley_event" time="0.158" /><testcase classname="tests.test_valley_ecosystem" name="test_valley_essential_plan_blocks_external_integrations" time="0.164" /><testcase classname="tests.test_valley_gold_ledger" name="test_finance_catalog_declares_valley_gold_ledger_contract" time="0.001" /><testcase classname="tests.test_valley_gold_ledger" name="test_valley_gold_ledger_is_append_only_idempotent_and_emits_event" time="0.192" /><testcase classname="tests.test_valley_gold_ledger" name="test_valley_gold_ledger_blocks_automatic_pepitas_and_invalid_debits" time="0.212" /><testcase classname="tests.test_valley_masvs_resilience" name="test_masvs_resilience_contract_covers_all_resilience_controls" time="0.001" /><testcase classname="tests.test_valley_masvs_resilience" name="test_release_guard_detects_root_debugger_instrumentation_and_repackaging" time="0.001" /><testcase classname="tests.test_valley_masvs_resilience" name="test_runtime_guard_does_not_collect_sensitive_runtime_details" time="0.004" /><testcase classname="tests.test_valley_media_cdn" name="test_media_keys_are_normalized_to_configured_https_cdn" time="0.001" /><testcase classname="tests.test_valley_media_cdn" name="test_media_rejects_external_urls_traversal_and_unknown_formats" time="0.002" /><testcase classname="tests.test_valley_mobile_observability" name="test_mobile_telemetry_is_opt_in_and_granular" time="0.001" /><testcase classname="tests.test_valley_mobile_observability" name="test_mobile_event_allowlist_excludes_sensitive_fields" time="0.001" /><testcase classname="tests.test_valley_mobile_observability" name="test_mobile_availability_and_latency_have_slos_and_runbooks" time="0.001" /><testcase classname="tests.test_valley_response_signing" name="test_signed_response_is_verifiable_with_published_public_key" time="0.002" /><testcase classname="tests.test_valley_response_signing" name="test_production_refuses_to_start_signing_without_private_key" time="0.001" /><testcase classname="tests.test_valley_reviews" name="test_marketplace_review_is_immutable_and_emits_valley_event" time="0.172" /><testcase classname="tests.test_valley_reviews" name="test_marketplace_review_applies_basic_off_platform_moderation" time="0.137" /><testcase classname="tests.test_valley_security_pipeline" name="test_zap_gate_blocks_high_findings_and_sanitizes_urls" time="0.004" /><testcase classname="tests.test_valley_security_pipeline" name="test_zap_gate_accepts_medium_and_reports_counts" time="0.003" /><testcase classname="tests.test_valley_security_pipeline" name="test_security_workflows_cover_android_sast_sca_and_active_dast" time="0.001" /><testcase classname="tests.test_vision_domain" name="test_vision_stream_recording_and_motion_alert_journey" time="0.182" /><testcase classname="tests.test_vision_event_catalog" name="test_vision_catalog_declares_runtime_domain_events" time="0.001" /><testcase classname="tests.test_windows_script_contracts" name="test_cloudflare_stream_tunnel_keeps_windows_service_persistent" time="0.001" /><testcase classname="tests.test_windows_script_contracts" name="test_docker_complete_pipeline_runs_git_auto_sync_after_push" time="0.001" /><testcase classname="tests.test_windows_script_contracts" name="test_stop_conflicting_valley_runtime_disables_communication_bridge" time="0.003" /><testcase classname="tests.test_windows_script_contracts" name="test_wsl_bootstrap_loads_environment_and_prepares_venv" time="0.002" /><testcase classname="tests.test_wms_domain" name="test_wms_receiving_picking_and_dispatch_journey" time="0.219" /></testsuite></testsuites>